<?xml version="1.0" encoding="UTF-8"?>
<robot generator="Robot 7.2.2 (Python 3.13.2 on darwin)" generated="2025-04-18T17:30:46.646328" rpa="false" schemaversion="5">
<suite id="s1" name="TS01-Register" source="/Users/nawaratpatnantaporn/Desktop/Project/Testcase/Register/Register-Negative/TS01-Register.robot">
<test id="s1-t1" name="TC-T105 Register with already exists phonenumber" line="66">
<kw name="Open Browser" owner="SeleniumLibrary">
<msg time="2025-04-18T17:30:46.716375" level="INFO">Opening browser 'Chrome' to base url 'http://localhost:5173/'.</msg>
<arg>http://localhost:5173/</arg>
<arg>Chrome</arg>
<doc>Opens a new browser instance to the optional ``url``.</doc>
<status status="PASS" start="2025-04-18T17:30:46.716281" elapsed="1.078320"/>
</kw>
<kw name="Maximize Browser Window" owner="SeleniumLibrary">
<doc>Maximizes current browser window.</doc>
<status status="PASS" start="2025-04-18T17:30:47.795544" elapsed="0.386322"/>
</kw>
<kw name="Set Screenshot Directory" owner="SeleniumLibrary">
<arg>ExistsPhonenumber</arg>
<doc>Sets the directory for captured screenshots.</doc>
<status status="PASS" start="2025-04-18T17:30:48.182120" elapsed="0.000277"/>
</kw>
<kw name="Capture Page Screenshot" owner="SeleniumLibrary">
<msg time="2025-04-18T17:30:48.774345" level="INFO" html="true">&lt;/td&gt;&lt;/tr&gt;&lt;tr&gt;&lt;td colspan="3"&gt;&lt;a href="ExistsPhonenumber/selenium-screenshot-1.png"&gt;&lt;img src="ExistsPhonenumber/selenium-screenshot-1.png" width="800px"&gt;&lt;/a&gt;</msg>
<doc>Takes a screenshot of the current page and embeds it into a log file.</doc>
<status status="PASS" start="2025-04-18T17:30:48.182470" elapsed="0.591963"/>
</kw>
<kw name="Click Element" owner="SeleniumLibrary">
<msg time="2025-04-18T17:30:48.774826" level="INFO">Clicking element '//*[@id="root"]/div/div[4]/header/div/div/nav/a[2]'.</msg>
<arg>//*[@id="root"]/div/div[4]/header/div/div/nav/a[2]</arg>
<doc>Click the element identified by ``locator``.</doc>
<status status="PASS" start="2025-04-18T17:30:48.774581" elapsed="0.037780"/>
</kw>
<kw name="Sleep" owner="BuiltIn">
<msg time="2025-04-18T17:30:50.814527" level="INFO">Slept 2 seconds.</msg>
<arg>2</arg>
<doc>Pauses the test executed for the given time.</doc>
<status status="PASS" start="2025-04-18T17:30:48.812570" elapsed="2.002100"/>
</kw>
<kw name="Capture Page Screenshot" owner="SeleniumLibrary">
<msg time="2025-04-18T17:30:51.173438" level="INFO" html="true">&lt;/td&gt;&lt;/tr&gt;&lt;tr&gt;&lt;td colspan="3"&gt;&lt;a href="ExistsPhonenumber/selenium-screenshot-2.png"&gt;&lt;img src="ExistsPhonenumber/selenium-screenshot-2.png" width="800px"&gt;&lt;/a&gt;</msg>
<doc>Takes a screenshot of the current page and embeds it into a log file.</doc>
<status status="PASS" start="2025-04-18T17:30:50.814955" elapsed="0.358642"/>
</kw>
<kw name="Input Text" owner="SeleniumLibrary">
<msg time="2025-04-18T17:30:51.173915" level="INFO">Typing text 'nawarat26@gmail.com' into text field 'email'.</msg>
<arg>email</arg>
<arg>nawarat26@gmail.com</arg>
<doc>Types the given ``text`` into the text field identified by ``locator``.</doc>
<status status="PASS" start="2025-04-18T17:30:51.173797" elapsed="0.094064"/>
</kw>
<kw name="Capture Page Screenshot" owner="SeleniumLibrary">
<msg time="2025-04-18T17:30:51.615207" level="INFO" html="true">&lt;/td&gt;&lt;/tr&gt;&lt;tr&gt;&lt;td colspan="3"&gt;&lt;a href="ExistsPhonenumber/selenium-screenshot-3.png"&gt;&lt;img src="ExistsPhonenumber/selenium-screenshot-3.png" width="800px"&gt;&lt;/a&gt;</msg>
<doc>Takes a screenshot of the current page and embeds it into a log file.</doc>
<status status="PASS" start="2025-04-18T17:30:51.268203" elapsed="0.347068"/>
</kw>
<kw name="Input Text" owner="SeleniumLibrary">
<msg time="2025-04-18T17:30:51.615546" level="INFO">Typing text 'Nawarat Patnantaporn' into text field 'name'.</msg>
<arg>name</arg>
<arg>Nawarat Patnantaporn</arg>
<doc>Types the given ``text`` into the text field identified by ``locator``.</doc>
<status status="PASS" start="2025-04-18T17:30:51.615423" elapsed="0.034364"/>
</kw>
<kw name="Capture Page Screenshot" owner="SeleniumLibrary">
<msg time="2025-04-18T17:30:51.991928" level="INFO" html="true">&lt;/td&gt;&lt;/tr&gt;&lt;tr&gt;&lt;td colspan="3"&gt;&lt;a href="ExistsPhonenumber/selenium-screenshot-4.png"&gt;&lt;img src="ExistsPhonenumber/selenium-screenshot-4.png" width="800px"&gt;&lt;/a&gt;</msg>
<doc>Takes a screenshot of the current page and embeds it into a log file.</doc>
<status status="PASS" start="2025-04-18T17:30:51.649911" elapsed="0.342130"/>
</kw>
<kw name="Input Text" owner="SeleniumLibrary">
<msg time="2025-04-18T17:30:51.992458" level="INFO">Typing text 'IT' into text field 'department'.</msg>
<arg>department</arg>
<arg>IT</arg>
<doc>Types the given ``text`` into the text field identified by ``locator``.</doc>
<status status="PASS" start="2025-04-18T17:30:51.992321" elapsed="0.023408"/>
</kw>
<kw name="Capture Page Screenshot" owner="SeleniumLibrary">
<msg time="2025-04-18T17:30:52.358943" level="INFO" html="true">&lt;/td&gt;&lt;/tr&gt;&lt;tr&gt;&lt;td colspan="3"&gt;&lt;a href="ExistsPhonenumber/selenium-screenshot-5.png"&gt;&lt;img src="ExistsPhonenumber/selenium-screenshot-5.png" width="800px"&gt;&lt;/a&gt;</msg>
<doc>Takes a screenshot of the current page and embeds it into a log file.</doc>
<status status="PASS" start="2025-04-18T17:30:52.015869" elapsed="0.343142"/>
</kw>
<kw name="Input Text" owner="SeleniumLibrary">
<msg time="2025-04-18T17:30:52.359273" level="INFO">Typing text '1339900785632' into text field 'idcard'.</msg>
<arg>idcard</arg>
<arg>1339900785632</arg>
<doc>Types the given ``text`` into the text field identified by ``locator``.</doc>
<status status="PASS" start="2025-04-18T17:30:52.359146" elapsed="0.030535"/>
</kw>
<kw name="Capture Page Screenshot" owner="SeleniumLibrary">
<msg time="2025-04-18T17:30:52.733028" level="INFO" html="true">&lt;/td&gt;&lt;/tr&gt;&lt;tr&gt;&lt;td colspan="3"&gt;&lt;a href="ExistsPhonenumber/selenium-screenshot-6.png"&gt;&lt;img src="ExistsPhonenumber/selenium-screenshot-6.png" width="800px"&gt;&lt;/a&gt;</msg>
<doc>Takes a screenshot of the current page and embeds it into a log file.</doc>
<status status="PASS" start="2025-04-18T17:30:52.389814" elapsed="0.343290"/>
</kw>
<kw name="Input Text" owner="SeleniumLibrary">
<msg time="2025-04-18T17:30:52.733308" level="INFO">Typing text '0435216221' into text field 'phonenumber'.</msg>
<arg>phonenumber</arg>
<arg>0435216221</arg>
<doc>Types the given ``text`` into the text field identified by ``locator``.</doc>
<status status="PASS" start="2025-04-18T17:30:52.733217" elapsed="0.031912"/>
</kw>
<kw name="Capture Page Screenshot" owner="SeleniumLibrary">
<msg time="2025-04-18T17:30:53.105771" level="INFO" html="true">&lt;/td&gt;&lt;/tr&gt;&lt;tr&gt;&lt;td colspan="3"&gt;&lt;a href="ExistsPhonenumber/selenium-screenshot-7.png"&gt;&lt;img src="ExistsPhonenumber/selenium-screenshot-7.png" width="800px"&gt;&lt;/a&gt;</msg>
<doc>Takes a screenshot of the current page and embeds it into a log file.</doc>
<status status="PASS" start="2025-04-18T17:30:52.765279" elapsed="0.340551"/>
</kw>
<kw name="Sleep" owner="BuiltIn">
<msg time="2025-04-18T17:30:55.108610" level="INFO">Slept 2 seconds.</msg>
<arg>2</arg>
<doc>Pauses the test executed for the given time.</doc>
<status status="PASS" start="2025-04-18T17:30:53.105951" elapsed="2.003001"/>
</kw>
<kw name="Capture Page Screenshot" owner="SeleniumLibrary">
<msg time="2025-04-18T17:30:55.454203" level="INFO" html="true">&lt;/td&gt;&lt;/tr&gt;&lt;tr&gt;&lt;td colspan="3"&gt;&lt;a href="ExistsPhonenumber/selenium-screenshot-8.png"&gt;&lt;img src="ExistsPhonenumber/selenium-screenshot-8.png" width="800px"&gt;&lt;/a&gt;</msg>
<doc>Takes a screenshot of the current page and embeds it into a log file.</doc>
<status status="PASS" start="2025-04-18T17:30:55.109333" elapsed="0.344932"/>
</kw>
<kw name="Click Button" owner="SeleniumLibrary">
<msg time="2025-04-18T17:30:55.454483" level="INFO">Clicking button '//*[@id="root"]/div/div[4]/div/div/div[1]/form/button'.</msg>
<arg>//*[@id="root"]/div/div[4]/div/div/div[1]/form/button</arg>
<doc>Clicks the button identified by ``locator``.</doc>
<status status="PASS" start="2025-04-18T17:30:55.454381" elapsed="0.081794"/>
</kw>
<kw name="Sleep" owner="BuiltIn">
<msg time="2025-04-18T17:30:57.537399" level="INFO">Slept 2 seconds.</msg>
<arg>2</arg>
<doc>Pauses the test executed for the given time.</doc>
<status status="PASS" start="2025-04-18T17:30:55.536507" elapsed="2.000999"/>
</kw>
<kw name="Capture Page Screenshot" owner="SeleniumLibrary">
<msg time="2025-04-18T17:30:57.807106" level="INFO" html="true">&lt;/td&gt;&lt;/tr&gt;&lt;tr&gt;&lt;td colspan="3"&gt;&lt;a href="ExistsPhonenumber/selenium-screenshot-9.png"&gt;&lt;img src="ExistsPhonenumber/selenium-screenshot-9.png" width="800px"&gt;&lt;/a&gt;</msg>
<doc>Takes a screenshot of the current page and embeds it into a log file.</doc>
<status status="PASS" start="2025-04-18T17:30:57.537720" elapsed="0.269501"/>
</kw>
<status status="PASS" start="2025-04-18T17:30:46.715887" elapsed="11.091547"/>
</test>
<doc>Test Register into We Are You website</doc>
<status status="PASS" start="2025-04-18T17:30:46.646913" elapsed="11.160862"/>
</suite>
<statistics>
<total>
<stat pass="1" fail="0" skip="0">All Tests</stat>
</total>
<tag>
</tag>
<suite>
<stat name="TS01-Register" id="s1" pass="1" fail="0" skip="0">TS01-Register</stat>
</suite>
</statistics>
<errors>
</errors>
</robot>
