<?xml version="1.0" encoding="UTF-8"?>
<robot generator="Robot 7.2.2 (Python 3.13.2 on darwin)" generated="2025-04-18T17:09:42.173737" rpa="false" schemaversion="5">
<suite id="s1" name="TS01-Register" source="/Users/nawaratpatnantaporn/Desktop/Project/Testcase/Register/Register-Positive/TS01-Register.robot">
<test id="s1-t1" name="TC-T101 Register Employees Account" line="6">
<kw name="Open Browser" owner="SeleniumLibrary">
<msg time="2025-04-18T17:09:42.242127" level="INFO">Opening browser 'Chrome' to base url 'http://localhost:5173/'.</msg>
<arg>http://localhost:5173/</arg>
<arg>Chrome</arg>
<doc>Opens a new browser instance to the optional ``url``.</doc>
<status status="PASS" start="2025-04-18T17:09:42.242037" elapsed="1.082709"/>
</kw>
<kw name="Maximize Browser Window" owner="SeleniumLibrary">
<doc>Maximizes current browser window.</doc>
<status status="PASS" start="2025-04-18T17:09:43.325947" elapsed="0.395453"/>
</kw>
<kw name="Capture Page Screenshot" owner="SeleniumLibrary">
<msg time="2025-04-18T17:09:44.285627" level="INFO" html="true">&lt;/td&gt;&lt;/tr&gt;&lt;tr&gt;&lt;td colspan="3"&gt;&lt;a href="selenium-screenshot-1.png"&gt;&lt;img src="selenium-screenshot-1.png" width="800px"&gt;&lt;/a&gt;</msg>
<doc>Takes a screenshot of the current page and embeds it into a log file.</doc>
<status status="PASS" start="2025-04-18T17:09:43.721601" elapsed="0.564101"/>
</kw>
<kw name="Click Element" owner="SeleniumLibrary">
<msg time="2025-04-18T17:09:44.286141" level="INFO">Clicking element '//*[@id="root"]/div/div[4]/header/div/div/nav/a[2]'.</msg>
<arg>//*[@id="root"]/div/div[4]/header/div/div/nav/a[2]</arg>
<doc>Click the element identified by ``locator``.</doc>
<status status="PASS" start="2025-04-18T17:09:44.285830" elapsed="0.038221"/>
</kw>
<kw name="Sleep" owner="BuiltIn">
<msg time="2025-04-18T17:09:46.324732" level="INFO">Slept 2 seconds.</msg>
<arg>2</arg>
<doc>Pauses the test executed for the given time.</doc>
<status status="PASS" start="2025-04-18T17:09:44.324234" elapsed="2.000621"/>
</kw>
<kw name="Capture Page Screenshot" owner="SeleniumLibrary">
<msg time="2025-04-18T17:09:46.673774" level="INFO" html="true">&lt;/td&gt;&lt;/tr&gt;&lt;tr&gt;&lt;td colspan="3"&gt;&lt;a href="selenium-screenshot-2.png"&gt;&lt;img src="selenium-screenshot-2.png" width="800px"&gt;&lt;/a&gt;</msg>
<doc>Takes a screenshot of the current page and embeds it into a log file.</doc>
<status status="PASS" start="2025-04-18T17:09:46.325104" elapsed="0.348739"/>
</kw>
<kw name="Input Text" owner="SeleniumLibrary">
<msg time="2025-04-18T17:09:46.674094" level="INFO">Typing text 'nawarat25@gmail.com' into text field 'email'.</msg>
<arg>email</arg>
<arg>nawarat25@gmail.com</arg>
<doc>Types the given ``text`` into the text field identified by ``locator``.</doc>
<status status="PASS" start="2025-04-18T17:09:46.673967" elapsed="0.087224"/>
</kw>
<kw name="Capture Page Screenshot" owner="SeleniumLibrary">
<msg time="2025-04-18T17:09:47.106037" level="INFO" html="true">&lt;/td&gt;&lt;/tr&gt;&lt;tr&gt;&lt;td colspan="3"&gt;&lt;a href="selenium-screenshot-3.png"&gt;&lt;img src="selenium-screenshot-3.png" width="800px"&gt;&lt;/a&gt;</msg>
<doc>Takes a screenshot of the current page and embeds it into a log file.</doc>
<status status="PASS" start="2025-04-18T17:09:46.761328" elapsed="0.344769"/>
</kw>
<kw name="Input Text" owner="SeleniumLibrary">
<msg time="2025-04-18T17:09:47.106326" level="INFO">Typing text 'Nawarat Patnantaporn' into text field 'name'.</msg>
<arg>name</arg>
<arg>Nawarat Patnantaporn</arg>
<doc>Types the given ``text`` into the text field identified by ``locator``.</doc>
<status status="PASS" start="2025-04-18T17:09:47.106214" elapsed="0.034602"/>
</kw>
<kw name="Capture Page Screenshot" owner="SeleniumLibrary">
<msg time="2025-04-18T17:09:47.475649" level="INFO" html="true">&lt;/td&gt;&lt;/tr&gt;&lt;tr&gt;&lt;td colspan="3"&gt;&lt;a href="selenium-screenshot-4.png"&gt;&lt;img src="selenium-screenshot-4.png" width="800px"&gt;&lt;/a&gt;</msg>
<doc>Takes a screenshot of the current page and embeds it into a log file.</doc>
<status status="PASS" start="2025-04-18T17:09:47.140976" elapsed="0.334754"/>
</kw>
<kw name="Input Text" owner="SeleniumLibrary">
<msg time="2025-04-18T17:09:47.476005" level="INFO">Typing text 'IT' into text field 'department'.</msg>
<arg>department</arg>
<arg>IT</arg>
<doc>Types the given ``text`` into the text field identified by ``locator``.</doc>
<status status="PASS" start="2025-04-18T17:09:47.475891" elapsed="0.023814"/>
</kw>
<kw name="Capture Page Screenshot" owner="SeleniumLibrary">
<msg time="2025-04-18T17:09:47.837017" level="INFO" html="true">&lt;/td&gt;&lt;/tr&gt;&lt;tr&gt;&lt;td colspan="3"&gt;&lt;a href="selenium-screenshot-5.png"&gt;&lt;img src="selenium-screenshot-5.png" width="800px"&gt;&lt;/a&gt;</msg>
<doc>Takes a screenshot of the current page and embeds it into a log file.</doc>
<status status="PASS" start="2025-04-18T17:09:47.499831" elapsed="0.337253"/>
</kw>
<kw name="Input Text" owner="SeleniumLibrary">
<msg time="2025-04-18T17:09:47.837316" level="INFO">Typing text '1339900785631' into text field 'idcard'.</msg>
<arg>idcard</arg>
<arg>1339900785631</arg>
<doc>Types the given ``text`` into the text field identified by ``locator``.</doc>
<status status="PASS" start="2025-04-18T17:09:47.837209" elapsed="0.030003"/>
</kw>
<kw name="Capture Page Screenshot" owner="SeleniumLibrary">
<msg time="2025-04-18T17:09:48.200860" level="INFO" html="true">&lt;/td&gt;&lt;/tr&gt;&lt;tr&gt;&lt;td colspan="3"&gt;&lt;a href="selenium-screenshot-6.png"&gt;&lt;img src="selenium-screenshot-6.png" width="800px"&gt;&lt;/a&gt;</msg>
<doc>Takes a screenshot of the current page and embeds it into a log file.</doc>
<status status="PASS" start="2025-04-18T17:09:47.867341" elapsed="0.333659"/>
</kw>
<kw name="Input Text" owner="SeleniumLibrary">
<msg time="2025-04-18T17:09:48.201340" level="INFO">Typing text '0435216221' into text field 'phonenumber'.</msg>
<arg>phonenumber</arg>
<arg>0435216221</arg>
<doc>Types the given ``text`` into the text field identified by ``locator``.</doc>
<status status="PASS" start="2025-04-18T17:09:48.201225" elapsed="0.031414"/>
</kw>
<kw name="Capture Page Screenshot" owner="SeleniumLibrary">
<msg time="2025-04-18T17:09:48.566558" level="INFO" html="true">&lt;/td&gt;&lt;/tr&gt;&lt;tr&gt;&lt;td colspan="3"&gt;&lt;a href="selenium-screenshot-7.png"&gt;&lt;img src="selenium-screenshot-7.png" width="800px"&gt;&lt;/a&gt;</msg>
<doc>Takes a screenshot of the current page and embeds it into a log file.</doc>
<status status="PASS" start="2025-04-18T17:09:48.232796" elapsed="0.333822"/>
</kw>
<kw name="Sleep" owner="BuiltIn">
<msg time="2025-04-18T17:09:50.567356" level="INFO">Slept 2 seconds.</msg>
<arg>2</arg>
<doc>Pauses the test executed for the given time.</doc>
<status status="PASS" start="2025-04-18T17:09:48.566732" elapsed="2.000724"/>
</kw>
<kw name="Capture Page Screenshot" owner="SeleniumLibrary">
<msg time="2025-04-18T17:09:50.915121" level="INFO" html="true">&lt;/td&gt;&lt;/tr&gt;&lt;tr&gt;&lt;td colspan="3"&gt;&lt;a href="selenium-screenshot-8.png"&gt;&lt;img src="selenium-screenshot-8.png" width="800px"&gt;&lt;/a&gt;</msg>
<doc>Takes a screenshot of the current page and embeds it into a log file.</doc>
<status status="PASS" start="2025-04-18T17:09:50.567672" elapsed="0.347505"/>
</kw>
<kw name="Click Button" owner="SeleniumLibrary">
<msg time="2025-04-18T17:09:50.915418" level="INFO">Clicking button '//*[@id="root"]/div/div[4]/div/div/div[1]/form/button'.</msg>
<arg>//*[@id="root"]/div/div[4]/div/div/div[1]/form/button</arg>
<doc>Clicks the button identified by ``locator``.</doc>
<status status="PASS" start="2025-04-18T17:09:50.915305" elapsed="0.038820"/>
</kw>
<kw name="Sleep" owner="BuiltIn">
<msg time="2025-04-18T17:09:52.954879" level="INFO">Slept 2 seconds.</msg>
<arg>2</arg>
<doc>Pauses the test executed for the given time.</doc>
<status status="PASS" start="2025-04-18T17:09:50.954382" elapsed="2.000662"/>
</kw>
<kw name="Capture Page Screenshot" owner="SeleniumLibrary">
<msg time="2025-04-18T17:09:53.603596" level="INFO" html="true">&lt;/td&gt;&lt;/tr&gt;&lt;tr&gt;&lt;td colspan="3"&gt;&lt;a href="selenium-screenshot-9.png"&gt;&lt;img src="selenium-screenshot-9.png" width="800px"&gt;&lt;/a&gt;</msg>
<doc>Takes a screenshot of the current page and embeds it into a log file.</doc>
<status status="PASS" start="2025-04-18T17:09:52.955505" elapsed="0.648289"/>
</kw>
<status status="PASS" start="2025-04-18T17:09:42.241658" elapsed="11.362338"/>
</test>
<doc>Test Register into We Are You website</doc>
<status status="PASS" start="2025-04-18T17:09:42.174219" elapsed="11.430060"/>
</suite>
<statistics>
<total>
<stat pass="1" fail="0" skip="0">All Tests</stat>
</total>
<tag>
</tag>
<suite>
<stat name="TS01-Register" id="s1" pass="1" fail="0" skip="0">TS01-Register</stat>
</suite>
</statistics>
<errors>
</errors>
</robot>
