<?xml version="1.0" encoding="UTF-8"?>
<robot generator="Robot 7.2.2 (Python 3.13.2 on darwin)" generated="2025-04-18T17:06:56.429618" rpa="false" schemaversion="5">
<suite id="s1" name="TS02-Login" source="/Users/nawaratpatnantaporn/Desktop/Project/Testcase/Login/Login-Errorcase/TS02-Login.robot">
<test id="s1-t1" name="TC-T208 Logged in with correct email and password but account was deleted" line="84">
<kw name="Open Browser" owner="SeleniumLibrary">
<msg time="2025-04-18T17:06:56.506555" level="INFO">Opening browser 'Chrome' to base url 'http://localhost:5173/'.</msg>
<arg>http://localhost:5173/</arg>
<arg>Chrome</arg>
<doc>Opens a new browser instance to the optional ``url``.</doc>
<status status="PASS" start="2025-04-18T17:06:56.506462" elapsed="1.105346"/>
</kw>
<kw name="Maximize Browser Window" owner="SeleniumLibrary">
<doc>Maximizes current browser window.</doc>
<status status="PASS" start="2025-04-18T17:06:57.614811" elapsed="0.371273"/>
</kw>
<kw name="Set Screenshot Directory" owner="SeleniumLibrary">
<arg>account-was-deleted</arg>
<doc>Sets the directory for captured screenshots.</doc>
<status status="PASS" start="2025-04-18T17:06:57.986381" elapsed="0.001379"/>
</kw>
<kw name="Capture Page Screenshot" owner="SeleniumLibrary">
<msg time="2025-04-18T17:06:58.584709" level="INFO" html="true">&lt;/td&gt;&lt;/tr&gt;&lt;tr&gt;&lt;td colspan="3"&gt;&lt;a href="account-was-deleted/selenium-screenshot-1.png"&gt;&lt;img src="account-was-deleted/selenium-screenshot-1.png" width="800px"&gt;&lt;/a&gt;</msg>
<doc>Takes a screenshot of the current page and embeds it into a log file.</doc>
<status status="PASS" start="2025-04-18T17:06:57.987990" elapsed="0.596823"/>
</kw>
<kw name="Click Element" owner="SeleniumLibrary">
<msg time="2025-04-18T17:06:58.585206" level="INFO">Clicking element '//*[@id="root"]/div/div[4]/header/div/div/nav/a[3]'.</msg>
<arg>//*[@id="root"]/div/div[4]/header/div/div/nav/a[3]</arg>
<doc>Click the element identified by ``locator``.</doc>
<status status="PASS" start="2025-04-18T17:06:58.584960" elapsed="0.040004"/>
</kw>
<kw name="Sleep" owner="BuiltIn">
<msg time="2025-04-18T17:07:00.626207" level="INFO">Slept 2 seconds.</msg>
<arg>2</arg>
<doc>Pauses the test executed for the given time.</doc>
<status status="PASS" start="2025-04-18T17:06:58.625220" elapsed="2.001205"/>
</kw>
<kw name="Capture Page Screenshot" owner="SeleniumLibrary">
<msg time="2025-04-18T17:07:00.912906" level="INFO" html="true">&lt;/td&gt;&lt;/tr&gt;&lt;tr&gt;&lt;td colspan="3"&gt;&lt;a href="account-was-deleted/selenium-screenshot-2.png"&gt;&lt;img src="account-was-deleted/selenium-screenshot-2.png" width="800px"&gt;&lt;/a&gt;</msg>
<doc>Takes a screenshot of the current page and embeds it into a log file.</doc>
<status status="PASS" start="2025-04-18T17:07:00.626872" elapsed="0.286103"/>
</kw>
<kw name="Input Text" owner="SeleniumLibrary">
<msg time="2025-04-18T17:07:00.913207" level="INFO">Typing text 'nawarat25@gmail.com' into text field 'email'.</msg>
<arg>email</arg>
<arg>nawarat25@gmail.com</arg>
<doc>Types the given ``text`` into the text field identified by ``locator``.</doc>
<status status="PASS" start="2025-04-18T17:07:00.913098" elapsed="0.084304"/>
</kw>
<kw name="Capture Page Screenshot" owner="SeleniumLibrary">
<msg time="2025-04-18T17:07:01.283984" level="INFO" html="true">&lt;/td&gt;&lt;/tr&gt;&lt;tr&gt;&lt;td colspan="3"&gt;&lt;a href="account-was-deleted/selenium-screenshot-3.png"&gt;&lt;img src="account-was-deleted/selenium-screenshot-3.png" width="800px"&gt;&lt;/a&gt;</msg>
<doc>Takes a screenshot of the current page and embeds it into a log file.</doc>
<status status="PASS" start="2025-04-18T17:07:00.997552" elapsed="0.286518"/>
</kw>
<kw name="Input Text" owner="SeleniumLibrary">
<msg time="2025-04-18T17:07:01.284372" level="INFO">Typing text '1339900785631' into text field 'idcard'.</msg>
<arg>idcard</arg>
<arg>1339900785631</arg>
<doc>Types the given ``text`` into the text field identified by ``locator``.</doc>
<status status="PASS" start="2025-04-18T17:07:01.284239" elapsed="0.038690"/>
</kw>
<kw name="Capture Page Screenshot" owner="SeleniumLibrary">
<msg time="2025-04-18T17:07:01.601995" level="INFO" html="true">&lt;/td&gt;&lt;/tr&gt;&lt;tr&gt;&lt;td colspan="3"&gt;&lt;a href="account-was-deleted/selenium-screenshot-4.png"&gt;&lt;img src="account-was-deleted/selenium-screenshot-4.png" width="800px"&gt;&lt;/a&gt;</msg>
<doc>Takes a screenshot of the current page and embeds it into a log file.</doc>
<status status="PASS" start="2025-04-18T17:07:01.323062" elapsed="0.278989"/>
</kw>
<kw name="Sleep" owner="BuiltIn">
<msg time="2025-04-18T17:07:03.604569" level="INFO">Slept 2 seconds.</msg>
<arg>2</arg>
<doc>Pauses the test executed for the given time.</doc>
<status status="PASS" start="2025-04-18T17:07:01.602165" elapsed="2.002545"/>
</kw>
<kw name="Capture Page Screenshot" owner="SeleniumLibrary">
<msg time="2025-04-18T17:07:03.897916" level="INFO" html="true">&lt;/td&gt;&lt;/tr&gt;&lt;tr&gt;&lt;td colspan="3"&gt;&lt;a href="account-was-deleted/selenium-screenshot-5.png"&gt;&lt;img src="account-was-deleted/selenium-screenshot-5.png" width="800px"&gt;&lt;/a&gt;</msg>
<doc>Takes a screenshot of the current page and embeds it into a log file.</doc>
<status status="PASS" start="2025-04-18T17:07:03.604946" elapsed="0.293029"/>
</kw>
<kw name="Click Button" owner="SeleniumLibrary">
<msg time="2025-04-18T17:07:03.898212" level="INFO">Clicking button '//*[@id="root"]/div/div[4]/div/div/div[1]/form/button'.</msg>
<arg>//*[@id="root"]/div/div[4]/div/div/div[1]/form/button</arg>
<doc>Clicks the button identified by ``locator``.</doc>
<status status="PASS" start="2025-04-18T17:07:03.898082" elapsed="0.086983"/>
</kw>
<kw name="Sleep" owner="BuiltIn">
<msg time="2025-04-18T17:07:05.987530" level="INFO">Slept 2 seconds.</msg>
<arg>2</arg>
<doc>Pauses the test executed for the given time.</doc>
<status status="PASS" start="2025-04-18T17:07:03.985346" elapsed="2.002322"/>
</kw>
<kw name="Capture Page Screenshot" owner="SeleniumLibrary">
<msg time="2025-04-18T17:07:06.234601" level="INFO" html="true">&lt;/td&gt;&lt;/tr&gt;&lt;tr&gt;&lt;td colspan="3"&gt;&lt;a href="account-was-deleted/selenium-screenshot-6.png"&gt;&lt;img src="account-was-deleted/selenium-screenshot-6.png" width="800px"&gt;&lt;/a&gt;</msg>
<doc>Takes a screenshot of the current page and embeds it into a log file.</doc>
<status status="PASS" start="2025-04-18T17:07:05.987898" elapsed="0.246762"/>
</kw>
<status status="PASS" start="2025-04-18T17:06:56.506055" elapsed="9.728717"/>
</test>
<doc>Test Login into We Are You website</doc>
<status status="PASS" start="2025-04-18T17:06:56.430232" elapsed="9.804785"/>
</suite>
<statistics>
<total>
<stat pass="1" fail="0" skip="0">All Tests</stat>
</total>
<tag>
</tag>
<suite>
<stat name="TS02-Login" id="s1" pass="1" fail="0" skip="0">TS02-Login</stat>
</suite>
</statistics>
<errors>
</errors>
</robot>
