<?xml version="1.0" encoding="UTF-8"?>
<robot generator="Robot 7.2.2 (Python 3.13.2 on darwin)" generated="2025-04-18T16:45:39.814036" rpa="false" schemaversion="5">
<suite id="s1" name="TS02-Login" source="/Users/nawaratpatnantaporn/Desktop/Project/Testcase/Login/Login-Successcase/TS02-Login.robot">
<test id="s1-t1" name="TC-T202 Login success admin" line="27">
<kw name="Open Browser" owner="SeleniumLibrary">
<msg time="2025-04-18T16:45:39.887501" level="INFO">Opening browser 'Chrome' to base url 'http://localhost:5173/'.</msg>
<arg>http://localhost:5173/</arg>
<arg>Chrome</arg>
<doc>Opens a new browser instance to the optional ``url``.</doc>
<status status="PASS" start="2025-04-18T16:45:39.887403" elapsed="0.891486"/>
</kw>
<kw name="Maximize Browser Window" owner="SeleniumLibrary">
<doc>Maximizes current browser window.</doc>
<status status="PASS" start="2025-04-18T16:45:40.779616" elapsed="0.385037"/>
</kw>
<kw name="Set Screenshot Directory" owner="SeleniumLibrary">
<arg>admin</arg>
<doc>Sets the directory for captured screenshots.</doc>
<status status="PASS" start="2025-04-18T16:45:41.164890" elapsed="0.000301"/>
</kw>
<kw name="Capture Page Screenshot" owner="SeleniumLibrary">
<msg time="2025-04-18T16:45:41.732554" level="INFO" html="true">&lt;/td&gt;&lt;/tr&gt;&lt;tr&gt;&lt;td colspan="3"&gt;&lt;a href="admin/selenium-screenshot-8.png"&gt;&lt;img src="admin/selenium-screenshot-8.png" width="800px"&gt;&lt;/a&gt;</msg>
<doc>Takes a screenshot of the current page and embeds it into a log file.</doc>
<status status="PASS" start="2025-04-18T16:45:41.165279" elapsed="0.567390"/>
</kw>
<kw name="Click Element" owner="SeleniumLibrary">
<msg time="2025-04-18T16:45:41.733039" level="INFO">Clicking element '//*[@id="root"]/div/div[4]/header/div/div/nav/a[3]'.</msg>
<arg>//*[@id="root"]/div/div[4]/header/div/div/nav/a[3]</arg>
<doc>Click the element identified by ``locator``.</doc>
<status status="PASS" start="2025-04-18T16:45:41.732826" elapsed="0.031342"/>
</kw>
<kw name="Sleep" owner="BuiltIn">
<msg time="2025-04-18T16:45:43.765351" level="INFO">Slept 2 seconds.</msg>
<arg>2</arg>
<doc>Pauses the test executed for the given time.</doc>
<status status="PASS" start="2025-04-18T16:45:41.764581" elapsed="2.000949"/>
</kw>
<kw name="Capture Page Screenshot" owner="SeleniumLibrary">
<msg time="2025-04-18T16:45:44.068427" level="INFO" html="true">&lt;/td&gt;&lt;/tr&gt;&lt;tr&gt;&lt;td colspan="3"&gt;&lt;a href="admin/selenium-screenshot-9.png"&gt;&lt;img src="admin/selenium-screenshot-9.png" width="800px"&gt;&lt;/a&gt;</msg>
<doc>Takes a screenshot of the current page and embeds it into a log file.</doc>
<status status="PASS" start="2025-04-18T16:45:43.765926" elapsed="0.302571"/>
</kw>
<kw name="Input Text" owner="SeleniumLibrary">
<msg time="2025-04-18T16:45:44.068732" level="INFO">Typing text 'admin@gmail.com' into text field 'email'.</msg>
<arg>email</arg>
<arg>admin@gmail.com</arg>
<doc>Types the given ``text`` into the text field identified by ``locator``.</doc>
<status status="PASS" start="2025-04-18T16:45:44.068616" elapsed="0.078246"/>
</kw>
<kw name="Capture Page Screenshot" owner="SeleniumLibrary">
<msg time="2025-04-18T16:45:44.443465" level="INFO" html="true">&lt;/td&gt;&lt;/tr&gt;&lt;tr&gt;&lt;td colspan="3"&gt;&lt;a href="admin/selenium-screenshot-10.png"&gt;&lt;img src="admin/selenium-screenshot-10.png" width="800px"&gt;&lt;/a&gt;</msg>
<doc>Takes a screenshot of the current page and embeds it into a log file.</doc>
<status status="PASS" start="2025-04-18T16:45:44.147002" elapsed="0.296529"/>
</kw>
<kw name="Input Text" owner="SeleniumLibrary">
<msg time="2025-04-18T16:45:44.443763" level="INFO">Typing text '1111111111111' into text field 'idcard'.</msg>
<arg>idcard</arg>
<arg>1111111111111</arg>
<doc>Types the given ``text`` into the text field identified by ``locator``.</doc>
<status status="PASS" start="2025-04-18T16:45:44.443664" elapsed="0.036911"/>
</kw>
<kw name="Capture Page Screenshot" owner="SeleniumLibrary">
<msg time="2025-04-18T16:45:44.752815" level="INFO" html="true">&lt;/td&gt;&lt;/tr&gt;&lt;tr&gt;&lt;td colspan="3"&gt;&lt;a href="admin/selenium-screenshot-11.png"&gt;&lt;img src="admin/selenium-screenshot-11.png" width="800px"&gt;&lt;/a&gt;</msg>
<doc>Takes a screenshot of the current page and embeds it into a log file.</doc>
<status status="PASS" start="2025-04-18T16:45:44.480704" elapsed="0.272173"/>
</kw>
<kw name="Sleep" owner="BuiltIn">
<msg time="2025-04-18T16:45:46.755007" level="INFO">Slept 2 seconds.</msg>
<arg>2</arg>
<doc>Pauses the test executed for the given time.</doc>
<status status="PASS" start="2025-04-18T16:45:44.752990" elapsed="2.002127"/>
</kw>
<kw name="Capture Page Screenshot" owner="SeleniumLibrary">
<msg time="2025-04-18T16:45:47.043224" level="INFO" html="true">&lt;/td&gt;&lt;/tr&gt;&lt;tr&gt;&lt;td colspan="3"&gt;&lt;a href="admin/selenium-screenshot-12.png"&gt;&lt;img src="admin/selenium-screenshot-12.png" width="800px"&gt;&lt;/a&gt;</msg>
<doc>Takes a screenshot of the current page and embeds it into a log file.</doc>
<status status="PASS" start="2025-04-18T16:45:46.755330" elapsed="0.287949"/>
</kw>
<kw name="Click Button" owner="SeleniumLibrary">
<msg time="2025-04-18T16:45:47.043500" level="INFO">Clicking button '//*[@id="root"]/div/div[4]/div/div/div[1]/form/button'.</msg>
<arg>//*[@id="root"]/div/div[4]/div/div/div[1]/form/button</arg>
<doc>Clicks the button identified by ``locator``.</doc>
<status status="PASS" start="2025-04-18T16:45:47.043395" elapsed="0.037434"/>
</kw>
<kw name="Sleep" owner="BuiltIn">
<msg time="2025-04-18T16:45:49.082813" level="INFO">Slept 2 seconds.</msg>
<arg>2</arg>
<doc>Pauses the test executed for the given time.</doc>
<status status="PASS" start="2025-04-18T16:45:47.081117" elapsed="2.001845"/>
</kw>
<kw name="Capture Page Screenshot" owner="SeleniumLibrary">
<msg time="2025-04-18T16:45:49.728933" level="INFO" html="true">&lt;/td&gt;&lt;/tr&gt;&lt;tr&gt;&lt;td colspan="3"&gt;&lt;a href="admin/selenium-screenshot-13.png"&gt;&lt;img src="admin/selenium-screenshot-13.png" width="800px"&gt;&lt;/a&gt;</msg>
<doc>Takes a screenshot of the current page and embeds it into a log file.</doc>
<status status="PASS" start="2025-04-18T16:45:49.083202" elapsed="0.645815"/>
</kw>
<kw name="Click Element" owner="SeleniumLibrary">
<msg time="2025-04-18T16:45:49.729266" level="INFO">Clicking element '//*[@id="root"]/div/div[4]/header/div/div/nav/a[3]'.</msg>
<arg>//*[@id="root"]/div/div[4]/header/div/div/nav/a[3]</arg>
<doc>Click the element identified by ``locator``.</doc>
<status status="PASS" start="2025-04-18T16:45:49.729154" elapsed="0.026525"/>
</kw>
<kw name="Sleep" owner="BuiltIn">
<msg time="2025-04-18T16:45:51.758095" level="INFO">Slept 2 seconds.</msg>
<arg>2</arg>
<doc>Pauses the test executed for the given time.</doc>
<status status="PASS" start="2025-04-18T16:45:49.755813" elapsed="2.002393"/>
</kw>
<kw name="Capture Page Screenshot" owner="SeleniumLibrary">
<msg time="2025-04-18T16:45:52.065228" level="INFO" html="true">&lt;/td&gt;&lt;/tr&gt;&lt;tr&gt;&lt;td colspan="3"&gt;&lt;a href="admin/selenium-screenshot-14.png"&gt;&lt;img src="admin/selenium-screenshot-14.png" width="800px"&gt;&lt;/a&gt;</msg>
<doc>Takes a screenshot of the current page and embeds it into a log file.</doc>
<status status="PASS" start="2025-04-18T16:45:51.758354" elapsed="0.306943"/>
</kw>
<status status="PASS" start="2025-04-18T16:45:39.887004" elapsed="12.178462"/>
</test>
<doc>Test Login into We Are You website</doc>
<status status="PASS" start="2025-04-18T16:45:39.814562" elapsed="12.251265"/>
</suite>
<statistics>
<total>
<stat pass="1" fail="0" skip="0">All Tests</stat>
</total>
<tag>
</tag>
<suite>
<stat name="TS02-Login" id="s1" pass="1" fail="0" skip="0">TS02-Login</stat>
</suite>
</statistics>
<errors>
</errors>
</robot>
